# JRE version: Java(TM) SE Runtime Environment (8.0_131-b11) (build 1.8.0_131-b11)
# Java VM: Java HotSpot(TM) 64-Bit Server VM (25.131-b11 mixed mode windows-amd64 compressed oops)
Heap:
 PSYoungGen      total 461824K, used 230912K [0x00000000d5b80000, 0x0000000100000000, 0x0000000100000000)
  eden space 230912K, 100% used [0x00000000d5b80000,0x00000000e3d00000,0x00000000e3d00000)
  from space 230912K, 0% used [0x00000000f1e80000,0x00000000f1e80000,0x0000000100000000)
  to   space 230912K, 0% used [0x00000000e3d00000,0x00000000e3d00000,0x00000000f1e80000)
 ParOldGen       total 1385984K, used 1385728K [0x0000000081200000, 0x00000000d5b80000, 0x00000000d5b80000)
  object space 1385984K, 99% used [0x0000000081200000,0x00000000d5b40198,0x00000000d5b80000)
 Metaspace       used 11803K, capacity 12004K, committed 12160K, reserved 1060864K
  class space    used 1469K, capacity 1552K, committed 1664K, reserved 1048576K
GC Heap History (10 events):
Event: 288.755 GC heap after
Heap after GC invocations=153 (full 131):
 PSYoungGen      total 461824K, used 230910K [0x00000000d5b80000, 0x0000000100000000, 0x0000000100000000)
  eden space 230912K, 99% used [0x00000000d5b80000,0x00000000e3cffa58,0x00000000e3d00000)
  from space 230912K, 0% used [0x00000000f1e80000,0x00000000f1e80000,0x0000000100000000)
  to   space 230912K, 0% used [0x00000000e3d00000,0x00000000e3d00000,0x00000000f1e80000)
 ParOldGen       total 1385984K, used 1385728K [0x0000000081200000, 0x00000000d5b80000, 0x00000000d5b80000)
  object space 1385984K, 99% used [0x0000000081200000,0x00000000d5b40198,0x00000000d5b80000)
 Metaspace       used 11803K, capacity 12004K, committed 12160K, reserved 1060864K
  class space    used 1469K, capacity 1552K, committed 1664K, reserved 1048576K
}
Event: 288.755 GC heap before
{Heap before GC invocations=154 (full 132):
 PSYoungGen      total 461824K, used 230912K [0x00000000d5b80000, 0x0000000100000000, 0x0000000100000000)
  eden space 230912K, 100% used [0x00000000d5b80000,0x00000000e3d00000,0x00000000e3d00000)
  from space 230912K, 0% used [0x00000000f1e80000,0x00000000f1e80000,0x0000000100000000)
  to   space 230912K, 0% used [0x00000000e3d00000,0x00000000e3d00000,0x00000000f1e80000)
 ParOldGen       total 1385984K, used 1385728K [0x0000000081200000, 0x00000000d5b80000, 0x00000000d5b80000)
  object space 1385984K, 99% used [0x0000000081200000,0x00000000d5b40198,0x00000000d5b80000)
 Metaspace       used 11803K, capacity 12004K, committed 12160K, reserved 1060864K
  class space    used 1469K, capacity 1552K, committed 1664K, reserved 1048576K
Event: 290.226 GC heap after
Heap after GC invocations=154 (full 132):
 PSYoungGen      total 461824K, used 230899K [0x00000000d5b80000, 0x0000000100000000, 0x0000000100000000)
  eden space 230912K, 99% used [0x00000000d5b80000,0x00000000e3cfcc90,0x00000000e3d00000)
  from space 230912K, 0% used [0x00000000f1e80000,0x00000000f1e80000,0x0000000100000000)
  to   space 230912K, 0% used [0x00000000e3d00000,0x00000000e3d00000,0x00000000f1e80000)
 ParOldGen       total 1385984K, used 1385728K [0x0000000081200000, 0x00000000d5b80000, 0x00000000d5b80000)
  object space 1385984K, 99% used [0x0000000081200000,0x00000000d5b40198,0x00000000d5b80000)
 Metaspace       used 11803K, capacity 12004K, committed 12160K, reserved 1060864K
  class space    used 1469K, capacity 1552K, committed 1664K, reserved 1048576K
}
Event: 290.226 GC heap before
{Heap before GC invocations=155 (full 133):
 PSYoungGen      total 461824K, used 230912K [0x00000000d5b80000, 0x0000000100000000, 0x0000000100000000)
  eden space 230912K, 100% used [0x00000000d5b80000,0x00000000e3d00000,0x00000000e3d00000)
  from space 230912K, 0% used [0x00000000f1e80000,0x00000000f1e80000,0x0000000100000000)
  to   space 230912K, 0% used [0x00000000e3d00000,0x00000000e3d00000,0x00000000f1e80000)
 ParOldGen       total 1385984K, used 1385728K [0x0000000081200000, 0x00000000d5b80000, 0x00000000d5b80000)
  object space 1385984K, 99% used [0x0000000081200000,0x00000000d5b40198,0x00000000d5b80000)
 Metaspace       used 11803K, capacity 12004K, committed 12160K, reserved 1060864K
  class space    used 1469K, capacity 1552K, committed 1664K, reserved 1048576K
Event: 291.678 GC heap after
Heap after GC invocations=155 (full 133):
 PSYoungGen      total 461824K, used 230903K [0x00000000d5b80000, 0x0000000100000000, 0x0000000100000000)
  eden space 230912K, 99% used [0x00000000d5b80000,0x00000000e3cfde10,0x00000000e3d00000)
  from space 230912K, 0% used [0x00000000f1e80000,0x00000000f1e80000,0x0000000100000000)
  to   space 230912K, 0% used [0x00000000e3d00000,0x00000000e3d00000,0x00000000f1e80000)
 ParOldGen       total 1385984K, used 1385728K [0x0000000081200000, 0x00000000d5b80000, 0x00000000d5b80000)
  object space 1385984K, 99% used [0x0000000081200000,0x00000000d5b40198,0x00000000d5b80000)
 Metaspace       used 11803K, capacity 12004K, committed 12160K, reserved 1060864K
  class space    used 1469K, capacity 1552K, committed 1664K, reserved 1048576K
}
Event: 291.678 GC heap before
{Heap before GC invocations=156 (full 134):
 PSYoungGen      total 461824K, used 230912K [0x00000000d5b80000, 0x0000000100000000, 0x0000000100000000)
  eden space 230912K, 100% used [0x00000000d5b80000,0x00000000e3d00000,0x00000000e3d00000)
  from space 230912K, 0% used [0x00000000f1e80000,0x00000000f1e80000,0x0000000100000000)
  to   space 230912K, 0% used [0x00000000e3d00000,0x00000000e3d00000,0x00000000f1e80000)
 ParOldGen       total 1385984K, used 1385728K [0x0000000081200000, 0x00000000d5b80000, 0x00000000d5b80000)
  object space 1385984K, 99% used [0x0000000081200000,0x00000000d5b40198,0x00000000d5b80000)
 Metaspace       used 11803K, capacity 12004K, committed 12160K, reserved 1060864K
  class space    used 1469K, capacity 1552K, committed 1664K, reserved 1048576K
Event: 293.087 GC heap after
Heap after GC invocations=156 (full 134):
 PSYoungGen      total 461824K, used 230905K [0x00000000d5b80000, 0x0000000100000000, 0x0000000100000000)
  eden space 230912K, 99% used [0x00000000d5b80000,0x00000000e3cfe778,0x00000000e3d00000)
  from space 230912K, 0% used [0x00000000f1e80000,0x00000000f1e80000,0x0000000100000000)
  to   space 230912K, 0% used [0x00000000e3d00000,0x00000000e3d00000,0x00000000f1e80000)
 ParOldGen       total 1385984K, used 1385728K [0x0000000081200000, 0x00000000d5b80000, 0x00000000d5b80000)
  object space 1385984K, 99% used [0x0000000081200000,0x00000000d5b40198,0x00000000d5b80000)
 Metaspace       used 11803K, capacity 12004K, committed 12160K, reserved 1060864K
  class space    used 1469K, capacity 1552K, committed 1664K, reserved 1048576K
}
Event: 293.087 GC heap before
{Heap before GC invocations=157 (full 135):
 PSYoungGen      total 461824K, used 230912K [0x00000000d5b80000, 0x0000000100000000, 0x0000000100000000)
  eden space 230912K, 100% used [0x00000000d5b80000,0x00000000e3d00000,0x00000000e3d00000)
  from space 230912K, 0% used [0x00000000f1e80000,0x00000000f1e80000,0x0000000100000000)
  to   space 230912K, 0% used [0x00000000e3d00000,0x00000000e3d00000,0x00000000f1e80000)
 ParOldGen       total 1385984K, used 1385728K [0x0000000081200000, 0x00000000d5b80000, 0x00000000d5b80000)
  object space 1385984K, 99% used [0x0000000081200000,0x00000000d5b40198,0x00000000d5b80000)
 Metaspace       used 11803K, capacity 12004K, committed 12160K, reserved 1060864K
  class space    used 1469K, capacity 1552K, committed 1664K, reserved 1048576K
Event: 294.528 GC heap after
Heap after GC invocations=157 (full 135):
 PSYoungGen      total 461824K, used 230906K [0x00000000d5b80000, 0x0000000100000000, 0x0000000100000000)
  eden space 230912K, 99% used [0x00000000d5b80000,0x00000000e3cfea90,0x00000000e3d00000)
  from space 230912K, 0% used [0x00000000f1e80000,0x00000000f1e80000,0x0000000100000000)
  to   space 230912K, 0% used [0x00000000e3d00000,0x00000000e3d00000,0x00000000f1e80000)
 ParOldGen       total 1385984K, used 1385728K [0x0000000081200000, 0x00000000d5b80000, 0x00000000d5b80000)
  object space 1385984K, 99% used [0x0000000081200000,0x00000000d5b40198,0x00000000d5b80000)
 Metaspace       used 11803K, capacity 12004K, committed 12160K, reserved 1060864K
  class space    used 1469K, capacity 1552K, committed 1664K, reserved 1048576K
}
Event: 294.528 GC heap before
{Heap before GC invocations=158 (full 136):
 PSYoungGen      total 461824K, used 230912K [0x00000000d5b80000, 0x0000000100000000, 0x0000000100000000)
  eden space 230912K, 100% used [0x00000000d5b80000,0x00000000e3d00000,0x00000000e3d00000)
  from space 230912K, 0% used [0x00000000f1e80000,0x00000000f1e80000,0x0000000100000000)
  to   space 230912K, 0% used [0x00000000e3d00000,0x00000000e3d00000,0x00000000f1e80000)
 ParOldGen       total 1385984K, used 1385728K [0x0000000081200000, 0x00000000d5b80000, 0x00000000d5b80000)
  object space 1385984K, 99% used [0x0000000081200000,0x00000000d5b40198,0x00000000d5b80000)
 Metaspace       used 11803K, capacity 12004K, committed 12160K, reserved 1060864K
  class space    used 1469K, capacity 1552K, committed 1664K, reserved 1048576K

